[01m[K/home/chris/bebop-software-framework/bebop_ws/src/bebop_controller/scripts/controller_diff_flat_yaw.cpp:[m[K In member function â€˜[01m[Kvoid Controller::iteration(const ros::TimerEvent&)[m[Kâ€™:
[01m[K/home/chris/bebop-software-framework/bebop_ws/src/bebop_controller/scripts/controller_diff_flat_yaw.cpp:209:17:[m[K [01;31m[Kerror: [m[Kâ€˜[01m[Ktestheight[m[Kâ€™ was not declared in this scope
                 [01;31m[Ktestheight[m[K = transform.getOrigin().z();
                 [01;31m[K^~~~~~~~~~[m[K
make[2]: *** [CMakeFiles/bebop_controller_diff_flat_yaw.dir/scripts/controller_diff_flat_yaw.cpp.o] Error 1
make[1]: *** [CMakeFiles/bebop_controller_diff_flat_yaw.dir/all] Error 2
make: *** [all] Error 2
