[ 16%] [32mBuilding CXX object CMakeFiles/bebop_controller_diff_flat_yaw.dir/scripts/controller_diff_flat_yaw.cpp.o[0m
[ 50%] Built target bebop_controller_diff_flat
[ 83%] Built target bebop_controller
[01m[K/home/chris/bebop-software-framework/bebop_ws/src/bebop_controller/scripts/controller_diff_flat_yaw.cpp:140:65:[m[K [01;35m[Kwarning: [m[Kcharacter constant too long for its type
                 tterminate called after throwing an instance of [01;35m[K'tf2::InvalidArgumentException'[m[K
                                                                 [01;35m[K^~~~~~~~~~~~~~~~~~~~~~~~~~~~~~~[m[K
[01m[K/home/chris/bebop-software-framework/bebop_ws/src/bebop_controller/scripts/controller_diff_flat_yaw.cpp:[m[K In member function â€˜[01m[Kvoid Controller::iteration(const ros::TimerEvent&)[m[Kâ€™:
[01m[K/home/chris/bebop-software-framework/bebop_ws/src/bebop_controller/scripts/controller_diff_flat_yaw.cpp:140:17:[m[K [01;31m[Kerror: [m[Kâ€˜[01m[Ktterminate[m[Kâ€™ was not declared in this scope
                 [01;31m[Ktterminate[m[K called after throwing an instance of 'tf2::InvalidArgumentException'
                 [01;31m[K^~~~~~~~~~[m[K
[01m[K/home/chris/bebop-software-framework/bebop_ws/src/bebop_controller/scripts/controller_diff_flat_yaw.cpp:140:17:[m[K [01;36m[Knote: [m[Ksuggested alternative: â€˜[01m[Kftruncate[m[Kâ€™
                 [01;36m[Ktterminate[m[K called after throwing an instance of 'tf2::InvalidArgumentException'
                 [01;36m[K^~~~~~~~~~[m[K
                 [32m[Kftruncate[m[K
CMakeFiles/bebop_controller_diff_flat_yaw.dir/build.make:62: recipe for target 'CMakeFiles/bebop_controller_diff_flat_yaw.dir/scripts/controller_diff_flat_yaw.cpp.o' failed
make[2]: *** [CMakeFiles/bebop_controller_diff_flat_yaw.dir/scripts/controller_diff_flat_yaw.cpp.o] Error 1
CMakeFiles/Makefile2:67: recipe for target 'CMakeFiles/bebop_controller_diff_flat_yaw.dir/all' failed
make[1]: *** [CMakeFiles/bebop_controller_diff_flat_yaw.dir/all] Error 2
Makefile:140: recipe for target 'all' failed
make: *** [all] Error 2
